<?xml version="1.0" encoding="UTF-8"?>
<testng-results total="1" passed="1" failed="0" skipped="0">
  <reporter-output>
  </reporter-output>
  <suite started-at="2019-08-17T15:24:08Z" name="Suite" finished-at="2019-08-17T15:24:08Z" duration-ms="15">
    <groups>
    </groups>
    <test started-at="2019-08-17T15:24:08Z" name="Test" finished-at="2019-08-17T15:24:08Z" duration-ms="15">
      <class name="ranjib.ranjib.jenkin.sample">
        <test-method signature="demp()[pri:0, instance:ranjib.ranjib.jenkin.sample@3427b02d]" started-at="2019-08-17T20:54:08Z" name="demp" finished-at="2019-08-17T20:54:08Z" duration-ms="6" status="PASS">
          <reporter-output>
          </reporter-output>
        </test-method> <!-- demp -->
      </class> <!-- ranjib.ranjib.jenkin.sample -->
    </test> <!-- Test -->
  </suite> <!-- Suite -->
</testng-results>
