<?xml version="1.0" encoding="UTF-8"?>
<testng-results ignored="0" total="3" passed="3" failed="0" skipped="0">
  <reporter-output>
  </reporter-output>
  <suite started-at="2019-02-23T06:27:07Z" name="Default suite" finished-at="2019-02-23T06:27:07Z" duration-ms="47">
    <groups>
    </groups>
    <test started-at="2019-02-23T06:27:07Z" name="Default test" finished-at="2019-02-23T06:27:07Z" duration-ms="47">
      <class name="com.test.com.annotation">
        <test-method is-config="true" signature="configBC()[pri:0, instance:com.test.com.annotation@6913c1fb]" started-at="2019-02-23T06:27:07Z" name="configBC" finished-at="2019-02-23T06:27:07Z" duration-ms="12" status="PASS">
          <reporter-output>
          </reporter-output>
        </test-method> <!-- configBC -->
        <test-method is-config="true" signature="configBM()[pri:0, instance:com.test.com.annotation@6913c1fb]" started-at="2019-02-23T06:27:07Z" name="configBM" finished-at="2019-02-23T06:27:07Z" duration-ms="0" status="PASS">
          <reporter-output>
          </reporter-output>
        </test-method> <!-- configBM -->
        <test-method signature="CreateCustomerTest()[pri:0, instance:com.test.com.annotation@6913c1fb]" started-at="2019-02-23T06:27:07Z" name="CreateCustomerTest" finished-at="2019-02-23T06:27:07Z" duration-ms="4" status="PASS">
          <reporter-output>
          </reporter-output>
        </test-method> <!-- CreateCustomerTest -->
        <test-method is-config="true" signature="ConfifAM()[pri:0, instance:com.test.com.annotation@6913c1fb]" started-at="2019-02-23T06:27:07Z" name="ConfifAM" finished-at="2019-02-23T06:27:07Z" duration-ms="0" status="PASS">
          <reporter-output>
          </reporter-output>
        </test-method> <!-- ConfifAM -->
        <test-method signature="DeleteCustomerTest()[pri:0, instance:com.test.com.annotation@6913c1fb]" started-at="2019-02-23T06:27:07Z" name="DeleteCustomerTest" finished-at="2019-02-23T06:27:07Z" duration-ms="1" status="PASS">
          <reporter-output>
          </reporter-output>
        </test-method> <!-- DeleteCustomerTest -->
        <test-method is-config="true" signature="configBM()[pri:0, instance:com.test.com.annotation@6913c1fb]" started-at="2019-02-23T06:27:07Z" name="configBM" finished-at="2019-02-23T06:27:07Z" duration-ms="0" status="PASS">
          <reporter-output>
          </reporter-output>
        </test-method> <!-- configBM -->
        <test-method is-config="true" signature="configBM()[pri:0, instance:com.test.com.annotation@6913c1fb]" started-at="2019-02-23T06:27:07Z" name="configBM" finished-at="2019-02-23T06:27:07Z" duration-ms="1" status="PASS">
          <reporter-output>
          </reporter-output>
        </test-method> <!-- configBM -->
        <test-method is-config="true" signature="ConfifAM()[pri:0, instance:com.test.com.annotation@6913c1fb]" started-at="2019-02-23T06:27:07Z" name="ConfifAM" finished-at="2019-02-23T06:27:07Z" duration-ms="0" status="PASS">
          <reporter-output>
          </reporter-output>
        </test-method> <!-- ConfifAM -->
        <test-method signature="ModifyCustomerTest()[pri:0, instance:com.test.com.annotation@6913c1fb]" started-at="2019-02-23T06:27:07Z" name="ModifyCustomerTest" finished-at="2019-02-23T06:27:07Z" duration-ms="1" status="PASS">
          <reporter-output>
          </reporter-output>
        </test-method> <!-- ModifyCustomerTest -->
        <test-method is-config="true" signature="ConfifAM()[pri:0, instance:com.test.com.annotation@6913c1fb]" started-at="2019-02-23T06:27:07Z" name="ConfifAM" finished-at="2019-02-23T06:27:07Z" duration-ms="1" status="PASS">
          <reporter-output>
          </reporter-output>
        </test-method> <!-- ConfifAM -->
        <test-method is-config="true" signature="configAC()[pri:0, instance:com.test.com.annotation@6913c1fb]" started-at="2019-02-23T06:27:07Z" name="configAC" finished-at="2019-02-23T06:27:07Z" duration-ms="0" status="PASS">
          <reporter-output>
          </reporter-output>
        </test-method> <!-- configAC -->
      </class> <!-- com.test.com.annotation -->
    </test> <!-- Default test -->
  </suite> <!-- Default suite -->
</testng-results>
