<?xml version="1.0" encoding="UTF-8"?>
<!-- Generated by org.testng.reporters.JUnitXMLReporter -->
<testsuite ignored="0" hostname="LAPTOP-0DAPHRPP" failures="0" tests="3" name="Default test" time="0.047" errors="0" timestamp="23 Feb 2019 06:27:08 GMT">
  <testcase classname="com.test.com.annotation" name="CreateCustomerTest" time="0.004"/>
  <testcase classname="com.test.com.annotation" name="DeleteCustomerTest" time="0.001"/>
  <testcase classname="com.test.com.annotation" name="ModifyCustomerTest" time="0.001"/>
</testsuite> <!-- Default test -->
